<?xml version="1.0" encoding="UTF-8"?>
<!-- Generated by org.testng.reporters.JUnitReportReporter -->
<testsuite skipped="0" hostname="Anastasiyas-MacBook-Pro.local" name="scripts.CarvanaHomePageTest" tests="4" failures="0" timestamp="2023-02-06T21:57:31 CST" time="100.258" errors="0">
  <testcase name="validateTitleAndUrl" time="13.831" classname="scripts.CarvanaHomePageTest"/>
  <system-out/>
  <testcase name="validateLogo" time="23.051" classname="scripts.CarvanaHomePageTest"/>
  <system-out/>
  <testcase name="validateSectionItemsDisplayed" time="25.051" classname="scripts.CarvanaHomePageTest"/>
  <system-out/>
  <testcase name="validateSingInErrorMessage" time="38.325" classname="scripts.CarvanaHomePageTest"/>
  <system-out/>
</testsuite> <!-- scripts.CarvanaHomePageTest -->
