<?xml version="1.0" encoding="UTF-8"?>
<!-- Generated by org.testng.reporters.JUnitReportReporter -->
<testsuite skipped="0" hostname="Anastasiyas-MBP.local.tld" name="scripts.CarvanaHomePageTest" tests="4" failures="0" timestamp="2023-02-05T15:50:09 CST" time="96.635" errors="0">
  <testcase name="validateTitleAndUrl" time="21.849" classname="scripts.CarvanaHomePageTest"/>
  <system-out/>
  <testcase name="validateLogo" time="22.966" classname="scripts.CarvanaHomePageTest"/>
  <system-out/>
  <testcase name="validateSectionItemsDisplayed" time="21.802" classname="scripts.CarvanaHomePageTest"/>
  <system-out/>
  <testcase name="validateSingInErrorMessage" time="30.018" classname="scripts.CarvanaHomePageTest"/>
  <system-out/>
</testsuite> <!-- scripts.CarvanaHomePageTest -->
