<?xml version="1.0" encoding="UTF-8"?>
<!-- Generated by org.testng.reporters.JUnitReportReporter -->
<testsuite skipped="0" hostname="Anastasiyas-MacBook-Pro.local" name="scripts.SearchCarsTest" tests="2" failures="0" timestamp="2023-02-06T21:57:31 CST" time="84.005" errors="0">
  <testcase name="validateSearchFilterOptions" time="36.276" classname="scripts.SearchCarsTest"/>
  <system-out/>
  <testcase name="validateSearchResultTitles" time="47.729" classname="scripts.SearchCarsTest"/>
  <system-out/>
</testsuite> <!-- scripts.SearchCarsTest -->
